This is pdfTeX, Version 3.141592653-2.6-1.40.22 (TeX Live 2022/dev/Debian) (preloaded format=pdflatex 2024.3.15)  19 APR 2024 12:30
entering extended mode
 restricted \write18 enabled.
 %&-line parsing enabled.
**fsuthesis.dtx
(./fsuthesis.dtx
LaTeX2e <2021-11-15> patch level 1
L3 programming layer <2022-01-21>
File: fsuthesis.dtx 2022/03/25 v4.3.0 (FSU LaTeX document class for Theses/Diss
ertations maintained by Bret Whissel, bwhissel@fsu.edu)

(/usr/share/texlive/texmf-dist/tex/latex/base/ltxdoc.cls
Document Class: ltxdoc 2020/12/05 v2.1b Standard LaTeX documentation class
*************************************
* Local config file ltxdoc.cfg used
*************************************
(/usr/share/texlive/texmf-dist/tex/latex-dev/base/ltxdoc.cfg
File: ltxdoc.cfg 2021/12/07 v2.0c ltxdoc.cls configuration (LaTeX Project)
)
(/usr/share/texlive/texmf-dist/tex/latex/base/article.cls
Document Class: article 2021/10/04 v1.4n Standard LaTeX document class
(/usr/share/texlive/texmf-dist/tex/latex/base/size10.clo
File: size10.clo 2021/10/04 v1.4n Standard LaTeX file (size option)
)
\c@part=\count185
\c@section=\count186
\c@subsection=\count187
\c@subsubsection=\count188
\c@paragraph=\count189
\c@subparagraph=\count190
\c@figure=\count191
\c@table=\count192
\abovecaptionskip=\skip47
\belowcaptionskip=\skip48
\bibindent=\dimen138
)
(/usr/share/texlive/texmf-dist/tex/latex/base/doc.sty
Package: doc 2021/10/04 v2.1n Standard LaTeX documentation package (FMi)
\c@StandardModuleDepth=\count193
\guard@level=\count194
\MacrocodeTopsep=\skip49
\MacroIndent=\dimen139
\macro@cnt=\count195
\MacroTopsep=\skip50
\index@excludelist=\toks16

(/usr/share/texlive/texmf-dist/tex/latex/tools/multicol.sty
Package: multicol 2021/10/28 v1.9b multicolumn formatting (FMi)
\c@tracingmulticols=\count196
\mult@box=\box50
\multicol@leftmargin=\dimen140
\c@unbalance=\count197
\c@collectmore=\count198
\doublecol@number=\count199
\multicoltolerance=\count266
\multicolpretolerance=\count267
\full@width=\dimen141
\page@free=\dimen142
\premulticols=\dimen143
\postmulticols=\dimen144
\multicolsep=\skip51
\multicolbaselineskip=\skip52
\partial@page=\box51
\last@line=\box52
\maxbalancingoverflow=\dimen145
\mult@rightbox=\box53
\mult@grightbox=\box54
\mult@firstbox=\box55
\mult@gfirstbox=\box56
\@tempa=\box57
\@tempa=\box58
\@tempa=\box59
\@tempa=\box60
\@tempa=\box61
\@tempa=\box62
\@tempa=\box63
\@tempa=\box64
\@tempa=\box65
\@tempa=\box66
\@tempa=\box67
\@tempa=\box68
\@tempa=\box69
\@tempa=\box70
\@tempa=\box71
\@tempa=\box72
\@tempa=\box73
\@tempa=\box74
\@tempa=\box75
\@tempa=\box76
\@tempa=\box77
\@tempa=\box78
\@tempa=\box79
\@tempa=\box80
\@tempa=\box81
\@tempa=\box82
\@tempa=\box83
\@tempa=\box84
\@tempa=\box85
\@tempa=\box86
\@tempa=\box87
\@tempa=\box88
\@tempa=\box89
\@tempa=\box90
\@tempa=\box91
\@tempa=\box92
\c@minrows=\count268
\c@columnbadness=\count269
\c@finalcolumnbadness=\count270
\last@try=\dimen146
\multicolovershoot=\dimen147
\multicolundershoot=\dimen148
\mult@nat@firstbox=\box93
\colbreak@box=\box94
\mc@col@check@num=\count271
)
\IndexMin=\dimen149
\c@IndexColumns=\count272
\GlossaryMin=\dimen150
\c@GlossaryColumns=\count273
\check@sum=\count274
\bslash@cnt=\count275
\wrong@table=\toks17
\c@CodelineNo=\count276
))
\@indexfile=\write3
\openout3 = `fsuthesis.idx'.


Writing index file fsuthesis.idx
\@glossaryfile=\write4
\openout4 = `fsuthesis.glo'.

Writing glossary file fsuthesis.glo 
(/usr/share/texlive/texmf-dist/tex/latex/l3backend/l3backend-pdftex.def
File: l3backend-pdftex.def 2022-01-12 L3 backend support: PDF output (pdfTeX)
\l__color_backend_stack_int=\count277
\l__pdf_internal_box=\box95
)
(./fsuthesis.aux)
\openout1 = `fsuthesis.aux'.

LaTeX Font Info:    Checking defaults for OML/cmm/m/it on input line 40.
LaTeX Font Info:    ... okay on input line 40.
LaTeX Font Info:    Checking defaults for OMS/cmsy/m/n on input line 40.
LaTeX Font Info:    ... okay on input line 40.
LaTeX Font Info:    Checking defaults for OT1/cmr/m/n on input line 40.
LaTeX Font Info:    ... okay on input line 40.
LaTeX Font Info:    Checking defaults for T1/cmr/m/n on input line 40.
LaTeX Font Info:    ... okay on input line 40.
LaTeX Font Info:    Checking defaults for TS1/cmr/m/n on input line 40.
LaTeX Font Info:    ... okay on input line 40.
LaTeX Font Info:    Checking defaults for OMX/cmex/m/n on input line 40.
LaTeX Font Info:    ... okay on input line 40.
LaTeX Font Info:    Checking defaults for U/cmr/m/n on input line 40.
LaTeX Font Info:    ... okay on input line 40.
Package doc Info: Made | a short reference for \verb on input line 40.
 (./fsuthesis.dtx
***************************
* Character table correct *
***************************
LaTeX Font Info:    External font `cmex10' loaded for size
(Font)              <17.28> on input line 80.
LaTeX Font Info:    External font `cmex10' loaded for size
(Font)              <12> on input line 80.
LaTeX Font Info:    External font `cmex10' loaded for size
(Font)              <8> on input line 80.
LaTeX Font Info:    External font `cmex10' loaded for size
(Font)              <6> on input line 80.
LaTeX Font Info:    External font `cmex10' loaded for size
(Font)              <5> on input line 80.
LaTeX Font Info:    External font `cmex10' loaded for size
(Font)              <7> on input line 91.
[1

{/var/lib/texmf/fonts/map/pdftex/updmap/pdftex.map}] [2]
LaTeX Font Info:    Font shape `OT1/cmtt/bx/n' in size <12> not available
(Font)              Font shape `OT1/cmtt/m/n' tried instead on input line 268.
 [3]
Overfull \hbox (23.21387pt too wide) in paragraph at lines 353--356
\OT1/cmr/bx/n/10 Note: \OT1/cmr/m/n/10 If tweak-ing []\OT1/cmtt/m/n/10 \adjbase
lineskip \OT1/cmr/m/n/10 here, be sure to eval-u-ate the []\OT1/cmtt/m/n/10 \li
stbaselineskip
 []

[4]
LaTeX Font Info:    Font shape `OT1/cmtt/bx/n' in size <10> not available
(Font)              Font shape `OT1/cmtt/m/n' tried instead on input line 372.
 [5]
Overfull \hbox (0.5877pt too wide) in paragraph at lines 494--494
 [][]  \OT1/cmtt/m/n/9 {\par\if@expanded\FSU@onormalsize\addvspace{\adjbaseline
skip}\fi}{\par} 
 []

[6] [7]
Overfull \hbox (22.92966pt too wide) in paragraph at lines 666--666
[]\OT1/cmr/bx/n/14.4 Definition of Com-mit-tee Mem-ber-ship Page Macros 
 []

[8] [9]
Overfull \hbox (24.21243pt too wide) in paragraph at lines 812--812
 [][]\OT1/cmtt/m/n/9 \AtBeginDocument{\ifpdf\if@hyperloaded\@hypermetadata\else
\@pdfmetadata\fi\fi} 
 []

[10] [11]
Overfull \hbox (19.48749pt too wide) in paragraph at lines 969--969
 [][]     \OT1/cmtt/m/n/9 \setbox\@tempboxa=\hbox{\normalfont\begingroup\normal
color #5\endgroup}% 
 []


Overfull \hbox (85.63672pt too wide) in paragraph at lines 969--969
 [][]     \OT1/cmtt/m/n/9 \ifdim\@pnumwidth<\wd\@tempboxa \hbox{\normalfont\beg
ingroup\normalcolor #5\endgroup}% 
 []


Overfull \hbox (71.46188pt too wide) in paragraph at lines 969--969
 [][]       \OT1/cmtt/m/n/9 \else \hb@xt@\@pnumwidth{\hfil\normalfont\begingrou
p\normalcolor #5\endgroup}\fi% 
 []


Overfull \hbox (0.5877pt too wide) in paragraph at lines 991--991
 [][]  \OT1/cmtt/m/n/9 \ifpdf\if@hyperloaded\pdfbookmark[0]{Table of Contents}{
contents}\fi\fi 
 []

[12] [13] [14] [15] [16] [17] [18] [19] (./fsuthesis.gls
LaTeX Font Info:    External font `cmex10' loaded for size
(Font)              <9> on input line 33.
 [20]) (./fsuthesis.ind [21]
Underfull \hbox (badness 10000) in paragraph at lines 73--74
[]\OT1/cmtt/m/n/9 abstract \OT1/cmr/m/n/9 (en-vi-ron- 
 []


Overfull \hbox (4.61273pt too wide) in paragraph at lines 104--105
[][]\OT1/cmtt/m/n/9 \bibliographytypesize   
 []


Underfull \hbox (badness 10000) in paragraph at lines 105--107
\OT1/cmr/m/n/9 321, 327--329, 
 []


Underfull \hbox (badness 10000) in paragraph at lines 111--112
[]\OT1/cmtt/m/n/9 biosketch \OT1/cmr/m/n/9 (en-vi-ron- 
 []

[22]
Underfull \hbox (badness 10000) in paragraph at lines 149--150
[]\OT1/cmtt/m/n/9 dedication \OT1/cmr/m/n/9 (en-vi-ron- 
 []

[23]
Underfull \hbox (badness 10000) in paragraph at lines 276--277
[]\OT1/cmtt/m/n/9 listofabbrevs \OT1/cmr/m/n/9 (en-vi- 
 []


Underfull \hbox (badness 10000) in paragraph at lines 279--280
[]\OT1/cmtt/m/n/9 listofsymbols \OT1/cmr/m/n/9 (en-vi- 
 []


Underfull \hbox (badness 10000) in paragraph at lines 344--345
[]\OT1/cmtt/m/n/9 references \OT1/cmr/m/n/9 (en-vi-ron- 
 []


Overfull \hbox (4.61273pt too wide) in paragraph at lines 385--386
[][]\OT1/cmtt/m/n/9 \toclevel@frontmatter   
 []


Underfull \hbox (badness 10000) in paragraph at lines 400--401
[]\OT1/cmtt/m/n/9 verbatim \OT1/cmr/m/n/9 (en-vi-ron- 
 []


Underfull \hbox (badness 10000) in paragraph at lines 401--402
[]\OT1/cmtt/m/n/9 verbatim* \OT1/cmr/m/n/9 (en-vi-ron- 
 []

)
*******************
* Checksum passed *
*******************
) [24] (./fsuthesis.aux) ) 
Here is how much of TeX's memory you used:
 925 strings out of 479084
 15392 string characters out of 5873868
 351919 words of memory out of 5000000
 19081 multiletter control sequences out of 15000+600000
 479308 words of font info for 62 fonts, out of 8000000 for 9000
 747 hyphenation exceptions out of 8191
 56i,6n,62p,443b,617s stack positions out of 5000i,500n,10000p,200000b,80000s
</usr/share/texlive/texmf-dist/fonts/type1/public/ams
fonts/cm/cmbx10.pfb></usr/share/texlive/texmf-dist/fonts/type1/public/amsfonts/
cm/cmbx12.pfb></usr/share/texlive/texmf-dist/fonts/type1/public/amsfonts/cm/cmb
x9.pfb></usr/share/texlive/texmf-dist/fonts/type1/public/amsfonts/cm/cmcsc10.pf
b></usr/share/texlive/texmf-dist/fonts/type1/public/amsfonts/cm/cmr10.pfb></usr
/share/texlive/texmf-dist/fonts/type1/public/amsfonts/cm/cmr12.pfb></usr/share/
texlive/texmf-dist/fonts/type1/public/amsfonts/cm/cmr17.pfb></usr/share/texlive
/texmf-dist/fonts/type1/public/amsfonts/cm/cmr6.pfb></usr/share/texlive/texmf-d
ist/fonts/type1/public/amsfonts/cm/cmr7.pfb></usr/share/texlive/texmf-dist/font
s/type1/public/amsfonts/cm/cmr8.pfb></usr/share/texlive/texmf-dist/fonts/type1/
public/amsfonts/cm/cmr9.pfb></usr/share/texlive/texmf-dist/fonts/type1/public/a
msfonts/cm/cmss10.pfb></usr/share/texlive/texmf-dist/fonts/type1/public/amsfont
s/cm/cmss17.pfb></usr/share/texlive/texmf-dist/fonts/type1/public/amsfonts/cm/c
mss8.pfb></usr/share/texlive/texmf-dist/fonts/type1/public/amsfonts/cm/cmss9.pf
b></usr/share/texlive/texmf-dist/fonts/type1/public/amsfonts/cm/cmssbx10.pfb></
usr/share/texlive/texmf-dist/fonts/type1/public/amsfonts/cm/cmssi9.pfb></usr/sh
are/texlive/texmf-dist/fonts/type1/public/amsfonts/cm/cmsy10.pfb></usr/share/te
xlive/texmf-dist/fonts/type1/public/amsfonts/cm/cmsy6.pfb></usr/share/texlive/t
exmf-dist/fonts/type1/public/amsfonts/cm/cmti10.pfb></usr/share/texlive/texmf-d
ist/fonts/type1/public/amsfonts/cm/cmti9.pfb></usr/share/texlive/texmf-dist/fon
ts/type1/public/amsfonts/cm/cmtt10.pfb></usr/share/texlive/texmf-dist/fonts/typ
e1/public/amsfonts/cm/cmtt12.pfb></usr/share/texlive/texmf-dist/fonts/type1/pub
lic/amsfonts/cm/cmtt9.pfb>
Output written on fsuthesis.pdf (24 pages, 358300 bytes).
PDF statistics:
 202 PDF objects out of 1000 (max. 8388607)
 126 compressed objects within 2 object streams
 0 named destinations out of 1000 (max. 500000)
 1 words of extra memory for PDF output out of 10000 (max. 10000000)

